
====================================================================================================
TIMESTAMP: 2025-06-10 22:09:11.834
LEVEL: ERROR
PID: 15552
REQUEST_ID: gpicwveyq
CLASS.METHOD: InstructorAnalyticsController.getInstructorTrendAnalysis
MESSAGE: Get instructor trend analysis failed

USER CONTEXT:
  User ID: cmbdayrw7000himo8dc1yeo8y
  Email: N/A
  Session ID: N/A

BUSINESS OPERATION:
  Operation: GET_INSTRUCTOR_TREND_ANALYSIS
  Entity: N/A
  Entity ID: N/A
  Status: ERROR

ERROR DETAILS:
  Error Name: PrismaClientKnownRequestError
  Error Message: 
[31mInvalid [1m`prisma.$queryRaw()`[22m invocation:[39m


Raw query failed. Code: `22P02`. Message: `ERROR: invalid input value for enum "EnrollmentStatus": "CANCELLED"`
  Error Code: P2010
  Stack Trace:
PrismaClientKnownRequestError: 
[31mInvalid [1m`prisma.$queryRaw()`[22m invocation:[39m


Raw query failed. Code: `22P02`. Message: `ERROR: invalid input value for enum "EnrollmentStatus": "CANCELLED"`
    at Zn.handleRequestError (C:\WebDev\educademy-react\backend\node_modules\@prisma\client\runtime\library.js:121:7459)
    at Zn.handleAndLogRequestError (C:\WebDev\educademy-react\backend\node_modules\@prisma\client\runtime\library.js:121:6784)
    at Zn.request (C:\WebDev\educademy-react\backend\node_modules\@prisma\client\runtime\library.js:121:6491)
    at async l (C:\WebDev\educademy-react\backend\node_modules\@prisma\client\runtime\library.js:130:9778)
    at async Promise.all (index 0)
    at async file:///C:/WebDev/educademy-react/backend/controllers/instructor/instructor.controller.js:10214:9

SYSTEM CONTEXT:
  Environment: development
  Hostname: Kratos
  Platform: win32
  Node Version: v20.16.0
  Memory Usage: {
    "rss": 72806400,
    "heapTotal": 33853440,
    "heapUsed": 32601256,
    "external": 4303042,
    "arrayBuffers": 469119
}
====================================================================================================


====================================================================================================
TIMESTAMP: 2025-06-10 22:09:11.836
LEVEL: ERROR
PID: 15552
REQUEST_ID: gpicwveyq
CLASS.METHOD: InstructorAnalyticsController.getInstructorTrendAnalysis
MESSAGE: HTTP SERVER ERROR: GET /api/instructors/trends [500]

HTTP DETAILS:
  Method: GET
  Endpoint: /api/instructors/trends
  Status Code: 500
  Duration: 2377ms
  Client IP: ::1
  User Agent: PostmanRuntime/7.44.0

REQUEST CONTEXT:
  Body: {
    "title": "Mastering Node.js: From Basics to Advanced",
    "description": "This comprehensive course takes you from the basics of Node.js to building real-world scalable applications.",
    "shortDescription": "Learn Node.js step-by-step with hands-on projects.",
    "price": "199.99",
    "originalPrice": "249.99",
    "duration": "12 weeks",
    "level": "INTERMEDIATE",
    "categoryId": "cmbmetdx30001imqov12ankyz",
    "subcategoryId": "",
    "language": "English",
    "subtitles": [
        "Spanish",
        "Hindi"
    ],
    "requirements": [
        "Basic knowledge of JavaScript",
        "Familiarity with HTML/CSS"
    ],
    "tags": [
        "nodejs",
        "backend",
        "javascript",
        "web development"
    ],
    "keyPoints": [
        "Build REST APIs",
        "Use Express.js and MongoDB",
        "Authentication and Authorization",
        "Real-time apps with WebSockets"
    ],
    "learningOutcomes": [
        "Develop production-ready Node.js applications",
        "Understand event-driven architecture",
        "Deploy Node apps using Docker and cloud services"
    ],
    "targetAudience": [
        "Junior developers",
        "Backend engineers",
        "Web developers looking to learn Node.js"
    ],
    "submitForReview": "true"
}
  Headers: {
    "authorization": "[MASKED]",
    "content-type": "application/json",
    "user-agent": "PostmanRuntime/7.44.0",
    "accept": "*/*",
    "postman-token": "0c25ab4e-b44a-4d75-afaa-fa0c72dedafe",
    "host": "localhost:5000",
    "accept-encoding": "gzip, deflate, br",
    "connection": "keep-alive",
    "content-length": "1176"
}

USER CONTEXT:
  User ID: cmbdayrw7000himo8dc1yeo8y
  Email: N/A
  Session ID: N/A

SYSTEM CONTEXT:
  Environment: development
  Hostname: Kratos
  Platform: win32
  Node Version: v20.16.0
  Memory Usage: {
    "rss": 72929280,
    "heapTotal": 34115584,
    "heapUsed": 32887920,
    "external": 4311234,
    "arrayBuffers": 477311
}
====================================================================================================


====================================================================================================
TIMESTAMP: 2025-06-10 22:10:47.883
LEVEL: ERROR
PID: 8300
REQUEST_ID: ohedx5fpq
CLASS.METHOD: InstructorAnalyticsController.getInstructorTrendAnalysis
MESSAGE: Get instructor trend analysis failed

USER CONTEXT:
  User ID: cmbdayrw7000himo8dc1yeo8y
  Email: N/A
  Session ID: N/A

BUSINESS OPERATION:
  Operation: GET_INSTRUCTOR_TREND_ANALYSIS
  Entity: N/A
  Entity ID: N/A
  Status: ERROR

ERROR DETAILS:
  Error Name: ReferenceError
  Error Message: calculateImprovementRate is not defined
  Error Code: UNKNOWN
  Stack Trace:
ReferenceError: calculateImprovementRate is not defined
    at file:///C:/WebDev/educademy-react/backend/controllers/instructor/instructor.controller.js:10448:28

SYSTEM CONTEXT:
  Environment: development
  Hostname: Kratos
  Platform: win32
  Node Version: v20.16.0
  Memory Usage: {
    "rss": 131608576,
    "heapTotal": 70254592,
    "heapUsed": 41245344,
    "external": 4317559,
    "arrayBuffers": 480477
}
====================================================================================================


====================================================================================================
TIMESTAMP: 2025-06-10 22:10:47.885
LEVEL: ERROR
PID: 8300
REQUEST_ID: ohedx5fpq
CLASS.METHOD: InstructorAnalyticsController.getInstructorTrendAnalysis
MESSAGE: HTTP SERVER ERROR: GET /api/instructors/trends [500]

HTTP DETAILS:
  Method: GET
  Endpoint: /api/instructors/trends
  Status Code: 500
  Duration: 8126ms
  Client IP: ::1
  User Agent: PostmanRuntime/7.44.0

REQUEST CONTEXT:
  Body: {
    "title": "Mastering Node.js: From Basics to Advanced",
    "description": "This comprehensive course takes you from the basics of Node.js to building real-world scalable applications.",
    "shortDescription": "Learn Node.js step-by-step with hands-on projects.",
    "price": "199.99",
    "originalPrice": "249.99",
    "duration": "12 weeks",
    "level": "INTERMEDIATE",
    "categoryId": "cmbmetdx30001imqov12ankyz",
    "subcategoryId": "",
    "language": "English",
    "subtitles": [
        "Spanish",
        "Hindi"
    ],
    "requirements": [
        "Basic knowledge of JavaScript",
        "Familiarity with HTML/CSS"
    ],
    "tags": [
        "nodejs",
        "backend",
        "javascript",
        "web development"
    ],
    "keyPoints": [
        "Build REST APIs",
        "Use Express.js and MongoDB",
        "Authentication and Authorization",
        "Real-time apps with WebSockets"
    ],
    "learningOutcomes": [
        "Develop production-ready Node.js applications",
        "Understand event-driven architecture",
        "Deploy Node apps using Docker and cloud services"
    ],
    "targetAudience": [
        "Junior developers",
        "Backend engineers",
        "Web developers looking to learn Node.js"
    ],
    "submitForReview": "true"
}
  Headers: {
    "authorization": "[MASKED]",
    "content-type": "application/json",
    "user-agent": "PostmanRuntime/7.44.0",
    "accept": "*/*",
    "postman-token": "830679ef-a446-44ae-94b0-dbb39bc1f6fe",
    "host": "localhost:5000",
    "accept-encoding": "gzip, deflate, br",
    "connection": "keep-alive",
    "content-length": "1176"
}

USER CONTEXT:
  User ID: cmbdayrw7000himo8dc1yeo8y
  Email: N/A
  Session ID: N/A

SYSTEM CONTEXT:
  Environment: development
  Hostname: Kratos
  Platform: win32
  Node Version: v20.16.0
  Memory Usage: {
    "rss": 131616768,
    "heapTotal": 70254592,
    "heapUsed": 41291296,
    "external": 4317559,
    "arrayBuffers": 480477
}
====================================================================================================


====================================================================================================
TIMESTAMP: 2025-06-10 22:35:03.301
LEVEL: ERROR
PID: 21656
REQUEST_ID: 8dy0fkuud
CLASS.METHOD: InstructorAnalyticsController.getDashboardAnalytics
MESSAGE: Get dashboard analytics failed

USER CONTEXT:
  User ID: cmbdayrw7000himo8dc1yeo8y
  Email: N/A
  Session ID: N/A

BUSINESS OPERATION:
  Operation: GET_DASHBOARD_ANALYTICS
  Entity: N/A
  Entity ID: N/A
  Status: ERROR

ERROR DETAILS:
  Error Name: PrismaClientKnownRequestError
  Error Message: 
[31mInvalid [1m`prisma.$queryRaw()`[22m invocation:[39m


Raw query failed. Code: `42703`. Message: `column p.enrollmentId does not exist`
  Error Code: P2010
  Stack Trace:
PrismaClientKnownRequestError: 
[31mInvalid [1m`prisma.$queryRaw()`[22m invocation:[39m


Raw query failed. Code: `42703`. Message: `column p.enrollmentId does not exist`
    at Zn.handleRequestError (C:\WebDev\educademy-react\backend\node_modules\@prisma\client\runtime\library.js:121:7459)
    at Zn.handleAndLogRequestError (C:\WebDev\educademy-react\backend\node_modules\@prisma\client\runtime\library.js:121:6784)
    at Zn.request (C:\WebDev\educademy-react\backend\node_modules\@prisma\client\runtime\library.js:121:6491)
    at async l (C:\WebDev\educademy-react\backend\node_modules\@prisma\client\runtime\library.js:130:9778)
    at async Promise.all (index 0)
    at async file:///C:/WebDev/educademy-react/backend/controllers/instructor/instructor.controller.js:14311:9

SYSTEM CONTEXT:
  Environment: development
  Hostname: Kratos
  Platform: win32
  Node Version: v20.16.0
  Memory Usage: {
    "rss": 97247232,
    "heapTotal": 34013184,
    "heapUsed": 32367936,
    "external": 4294850,
    "arrayBuffers": 460927
}
====================================================================================================


====================================================================================================
TIMESTAMP: 2025-06-10 22:35:03.304
LEVEL: ERROR
PID: 21656
REQUEST_ID: 8dy0fkuud
CLASS.METHOD: InstructorAnalyticsController.getDashboardAnalytics
MESSAGE: HTTP SERVER ERROR: GET /api/instructors/analytics/dashboard [500]

HTTP DETAILS:
  Method: GET
  Endpoint: /api/instructors/analytics/dashboard
  Status Code: 500
  Duration: 7431ms
  Client IP: ::1
  User Agent: PostmanRuntime/7.44.0

REQUEST CONTEXT:
  Body: {
    "title": "Mastering Node.js: From Basics to Advanced",
    "description": "This comprehensive course takes you from the basics of Node.js to building real-world scalable applications.",
    "shortDescription": "Learn Node.js step-by-step with hands-on projects.",
    "price": "199.99",
    "originalPrice": "249.99",
    "duration": "12 weeks",
    "level": "INTERMEDIATE",
    "categoryId": "cmbmetdx30001imqov12ankyz",
    "subcategoryId": "",
    "language": "English",
    "subtitles": [
        "Spanish",
        "Hindi"
    ],
    "requirements": [
        "Basic knowledge of JavaScript",
        "Familiarity with HTML/CSS"
    ],
    "tags": [
        "nodejs",
        "backend",
        "javascript",
        "web development"
    ],
    "keyPoints": [
        "Build REST APIs",
        "Use Express.js and MongoDB",
        "Authentication and Authorization",
        "Real-time apps with WebSockets"
    ],
    "learningOutcomes": [
        "Develop production-ready Node.js applications",
        "Understand event-driven architecture",
        "Deploy Node apps using Docker and cloud services"
    ],
    "targetAudience": [
        "Junior developers",
        "Backend engineers",
        "Web developers looking to learn Node.js"
    ],
    "submitForReview": "true"
}
  Headers: {
    "authorization": "[MASKED]",
    "content-type": "application/json",
    "user-agent": "PostmanRuntime/7.44.0",
    "accept": "*/*",
    "postman-token": "e58eb992-cab3-4935-acfc-2d96a0f7c369",
    "host": "localhost:5000",
    "accept-encoding": "gzip, deflate, br",
    "connection": "keep-alive",
    "content-length": "1176"
}

USER CONTEXT:
  User ID: cmbdayrw7000himo8dc1yeo8y
  Email: N/A
  Session ID: N/A

SYSTEM CONTEXT:
  Environment: development
  Hostname: Kratos
  Platform: win32
  Node Version: v20.16.0
  Memory Usage: {
    "rss": 97378304,
    "heapTotal": 34013184,
    "heapUsed": 32422824,
    "external": 4294850,
    "arrayBuffers": 460927
}
====================================================================================================


====================================================================================================
TIMESTAMP: 2025-06-10 22:38:00.001
LEVEL: ERROR
PID: 21656
REQUEST_ID: qy2i9drmv
CLASS.METHOD: InstructorAnalyticsController.getStudentEngagementMetrics
MESSAGE: Get student engagement metrics failed

USER CONTEXT:
  User ID: cmbdayrw7000himo8dc1yeo8y
  Email: N/A
  Session ID: N/A

BUSINESS OPERATION:
  Operation: GET_STUDENT_ENGAGEMENT_METRICS
  Entity: N/A
  Entity ID: N/A
  Status: ERROR

ERROR DETAILS:
  Error Name: PrismaClientKnownRequestError
  Error Message: 
[31mInvalid [1m`prisma.$queryRaw()`[22m invocation:[39m


Raw query failed. Code: `42703`. Message: `column sal.engagementScore does not exist`
  Error Code: P2010
  Stack Trace:
PrismaClientKnownRequestError: 
[31mInvalid [1m`prisma.$queryRaw()`[22m invocation:[39m


Raw query failed. Code: `42703`. Message: `column sal.engagementScore does not exist`
    at Zn.handleRequestError (C:\WebDev\educademy-react\backend\node_modules\@prisma\client\runtime\library.js:121:7459)
    at Zn.handleAndLogRequestError (C:\WebDev\educademy-react\backend\node_modules\@prisma\client\runtime\library.js:121:6784)
    at Zn.request (C:\WebDev\educademy-react\backend\node_modules\@prisma\client\runtime\library.js:121:6491)
    at async l (C:\WebDev\educademy-react\backend\node_modules\@prisma\client\runtime\library.js:130:9778)
    at async Promise.all (index 0)
    at async file:///C:/WebDev/educademy-react/backend/controllers/instructor/instructor.controller.js:11473:9

SYSTEM CONTEXT:
  Environment: development
  Hostname: Kratos
  Platform: win32
  Node Version: v20.16.0
  Memory Usage: {
    "rss": 98349056,
    "heapTotal": 34537472,
    "heapUsed": 32985008,
    "external": 4312441,
    "arrayBuffers": 460927
}
====================================================================================================


====================================================================================================
TIMESTAMP: 2025-06-10 22:38:00.002
LEVEL: ERROR
PID: 21656
REQUEST_ID: qy2i9drmv
CLASS.METHOD: InstructorAnalyticsController.getStudentEngagementMetrics
MESSAGE: HTTP SERVER ERROR: GET /api/instructors/analytics/student-engagement [500]

HTTP DETAILS:
  Method: GET
  Endpoint: /api/instructors/analytics/student-engagement
  Status Code: 500
  Duration: 2690ms
  Client IP: ::1
  User Agent: PostmanRuntime/7.44.0

REQUEST CONTEXT:
  Body: {
    "title": "Mastering Node.js: From Basics to Advanced",
    "description": "This comprehensive course takes you from the basics of Node.js to building real-world scalable applications.",
    "shortDescription": "Learn Node.js step-by-step with hands-on projects.",
    "price": "199.99",
    "originalPrice": "249.99",
    "duration": "12 weeks",
    "level": "INTERMEDIATE",
    "categoryId": "cmbmetdx30001imqov12ankyz",
    "subcategoryId": "",
    "language": "English",
    "subtitles": [
        "Spanish",
        "Hindi"
    ],
    "requirements": [
        "Basic knowledge of JavaScript",
        "Familiarity with HTML/CSS"
    ],
    "tags": [
        "nodejs",
        "backend",
        "javascript",
        "web development"
    ],
    "keyPoints": [
        "Build REST APIs",
        "Use Express.js and MongoDB",
        "Authentication and Authorization",
        "Real-time apps with WebSockets"
    ],
    "learningOutcomes": [
        "Develop production-ready Node.js applications",
        "Understand event-driven architecture",
        "Deploy Node apps using Docker and cloud services"
    ],
    "targetAudience": [
        "Junior developers",
        "Backend engineers",
        "Web developers looking to learn Node.js"
    ],
    "submitForReview": "true"
}
  Headers: {
    "authorization": "[MASKED]",
    "content-type": "application/json",
    "user-agent": "PostmanRuntime/7.44.0",
    "accept": "*/*",
    "postman-token": "0101a541-0d60-44b5-9da0-650ef7696072",
    "host": "localhost:5000",
    "accept-encoding": "gzip, deflate, br",
    "connection": "keep-alive",
    "content-length": "1176"
}

USER CONTEXT:
  User ID: cmbdayrw7000himo8dc1yeo8y
  Email: N/A
  Session ID: N/A

SYSTEM CONTEXT:
  Environment: development
  Hostname: Kratos
  Platform: win32
  Node Version: v20.16.0
  Memory Usage: {
    "rss": 98349056,
    "heapTotal": 34537472,
    "heapUsed": 33031776,
    "external": 4303042,
    "arrayBuffers": 469119
}
====================================================================================================

